#
# There is insufficient memory for the Java Runtime Environment to continue.
# Native memory allocation (mmap) failed to map 134217728 bytes for G1 virtual space
# Possible reasons:
#   The system is out of physical RAM or swap space
#   The process is running with CompressedOops enabled, and the Java Heap may be blocking the growth of the native heap
# Possible solutions:
#   Reduce memory load on the system
#   Increase physical memory or swap space
#   Check if swap backing store is full
#   Decrease Java heap size (-Xmx/-Xms)
#   Decrease number of Java threads
#   Decrease Java thread stack sizes (-Xss)
#   Set larger code cache with -XX:ReservedCodeCacheSize=
#   JVM is running with Unscaled Compressed Oops mode in which the Java heap is
#     placed in the first 4GB address space. The Java Heap base address is the
#     maximum limit for the native heap growth. Please use -XX:HeapBaseMinAddress
#     to set the Java Heap base and to place the Java Heap above 4GB virtual address.
# This output file may be truncated or incomplete.
#
#  Out of Memory Error (os_windows.cpp:3829), pid=10912, tid=17792
#
# JRE version:  (17.0.8.1+7) (build )
# Java VM: OpenJDK 64-Bit Server VM (17.0.8.1+7-b1000.32, mixed mode, sharing, tiered, compressed oops, compressed class ptrs, g1 gc, windows-amd64)
# No core dump will be written. Minidumps are not enabled by default on client versions of Windows
#

---------------  S U M M A R Y ------------

Command Line: -Djava.rmi.server.hostname=127.0.0.1 -Duser.timezone=UTC -Xmx2048m -Xms128m -Djna.boot.library.path=C:\Program Files\JetBrains\IntelliJ IDEA 2023.2.3/lib/jna/amd64 -Djna.nosys=true -Djna.noclasspath=true -Djdbc.classpath=C:\Program Files\JetBrains\IntelliJ IDEA 2023.2.3\plugins\DatabaseTools\lib\jdbc-console.jar;C:\Users\hongtaiksu\AppData\Roaming\JetBrains\IntelliJIdea2023.2\jdbc-drivers\MySQL ConnectorJ\8.0.25\mysql-connector-java-8.0.25.jar --add-exports=java.desktop/sun.awt=ALL-UNNAMED --add-exports=java.desktop/java.awt.peer=ALL-UNNAMED --add-opens=java.desktop/java.awt=ALL-UNNAMED --add-opens=jdk.unsupported/sun.misc=ALL-UNNAMED --add-opens=java.base/java.nio=ALL-UNNAMED --add-opens=java.base/java.util=ALL-UNNAMED -Dfile.encoding=UTF-8 com.intellij.database.remote.RemoteJdbcServer com.mysql.cj.jdbc.Driver

Host: AMD Ryzen 5 5625U with Radeon Graphics         , 12 cores, 17G,  Windows 10 , 64 bit Build 19041 (10.0.19041.3636)
Time: Wed Jul 10 10:57:13 2024  Windows 10 , 64 bit Build 19041 (10.0.19041.3636) elapsed time: 0.016665 seconds (0d 0h 0m 0s)

---------------  T H R E A D  ---------------

Current thread (0x0000029bcc8d1f80):  JavaThread "Unknown thread" [_thread_in_vm, id=17792, stack(0x000000a20d600000,0x000000a20d700000)]

Stack: [0x000000a20d600000,0x000000a20d700000]
Native frames: (J=compiled Java code, j=interpreted, Vv=VM code, C=native code)
V  [jvm.dll+0x6852da]
V  [jvm.dll+0x844c84]
V  [jvm.dll+0x84659e]
V  [jvm.dll+0x846c03]
V  [jvm.dll+0x24b7cf]
V  [jvm.dll+0x682049]
V  [jvm.dll+0x67671a]
V  [jvm.dll+0x30be2b]
V  [jvm.dll+0x3132d6]
V  [jvm.dll+0x36302e]
V  [jvm.dll+0x36325f]
V  [jvm.dll+0x2e1f48]
V  [jvm.dll+0x2e2eb4]
V  [jvm.dll+0x815c11]
V  [jvm.dll+0x370df1]
V  [jvm.dll+0x7f4fdc]
V  [jvm.dll+0x3f3f1f]
V  [jvm.dll+0x3f5b31]
C  [jli.dll+0x528f]
C  [ucrtbase.dll+0x21bb2]
C  [KERNEL32.DLL+0x17344]
C  [ntdll.dll+0x4cc91]


---------------  P R O C E S S  ---------------

Threads class SMR info:
_java_thread_list=0x00007fff744000d8, length=0, elements={
}

Java Threads: ( => current thread )

Other Threads:
  0x0000029bcc92fb60 GCTaskThread "GC Thread#0" [stack: 0x000000a20d700000,0x000000a20d800000] [id=29108]
  0x0000029bcc9419d0 ConcurrentGCThread "G1 Main Marker" [stack: 0x000000a20d800000,0x000000a20d900000] [id=3764]
  0x0000029bcc942a90 ConcurrentGCThread "G1 Conc#0" [stack: 0x000000a20d900000,0x000000a20da00000] [id=25940]

[error occurred during error reporting (printing all threads), id 0xc0000005, EXCEPTION_ACCESS_VIOLATION (0xc0000005) at pc=0x00007fff73bb2ab7]

VM state: not at safepoint (not fully initialized)

VM Mutex/Monitor currently owned by a thread:  ([mutex/lock_event])
[0x0000029bcc8ccdf0] Heap_lock - owner thread: 0x0000029bcc8d1f80

Heap address: 0x0000000080000000, size: 2048 MB, Compressed Oops mode: 32-bit

CDS archive(s) mapped at: [0x0000000000000000-0x0000000000000000-0x0000000000000000), size 0, SharedBaseAddress: 0x0000000800000000, ArchiveRelocationMode: 1.
Narrow klass base: 0x0000000000000000, Narrow klass shift: 0, Narrow klass range: 0x0

GC Precious Log:
<Empty>

Heap:
 garbage-first heap   total 0K, used 0K [0x0000000080000000, 0x0000000100000000)
  region size 1024K, 0 young (0K), 0 survivors (0K)
 Metaspace       used 0K, committed 0K, reserved 0K
  class space    used 0K, committed 0K, reserved 0K

Heap Regions: E=young(eden), S=young(survivor), O=old, HS=humongous(starts), HC=humongous(continues), CS=collection set, F=free, OA=open archive, CA=closed archive, TAMS=top-at-mark-start (previous, next)

Card table byte_map: [0x0000029bdf990000,0x0000029bdfd90000] _byte_map_base: 0x0000029bdf590000

Marking Bits (Prev, Next): (CMBitMap*) 0x0000029bcc930090, (CMBitMap*) 0x0000029bcc9300d0
 Prev Bits: [0x0000029be0190000, 0x0000029be2190000)
 Next Bits: [0x0000029be2190000, 0x0000029be4190000)

GC Heap History (0 events):
No events

Dll operation events (1 events):
Event: 0.009 Loaded shared library C:\Program Files\JetBrains\IntelliJ IDEA 2023.2.3\jbr\bin\java.dll

Deoptimization events (0 events):
No events

Classes unloaded (0 events):
No events

Classes redefined (0 events):
No events

Internal exceptions (0 events):
No events

VM Operations (0 events):
No events

Events (0 events):
No events


Dynamic libraries:
0x00007ff673710000 - 0x00007ff67371a000 	C:\Program Files\JetBrains\IntelliJ IDEA 2023.2.3\jbr\bin\java.exe
0x00007ffffd0d0000 - 0x00007ffffd2c8000 	C:\Windows\SYSTEM32\ntdll.dll
0x00007ffffb810000 - 0x00007ffffb8cd000 	C:\Windows\System32\KERNEL32.DLL
0x00007ffffa790000 - 0x00007ffffaa86000 	C:\Windows\System32\KERNELBASE.dll
0x00007ffffae10000 - 0x00007ffffaf10000 	C:\Windows\System32\ucrtbase.dll
0x00007fffd4fb0000 - 0x00007fffd4fc7000 	C:\Program Files\JetBrains\IntelliJ IDEA 2023.2.3\jbr\bin\jli.dll
0x00007ffffb960000 - 0x00007ffffbaff000 	C:\Windows\System32\USER32.dll
0x00007ffffb0e0000 - 0x00007ffffb102000 	C:\Windows\System32\win32u.dll
0x00007ffffbf10000 - 0x00007ffffbf3b000 	C:\Windows\System32\GDI32.dll
0x00007ffffaae0000 - 0x00007ffffabf7000 	C:\Windows\System32\gdi32full.dll
0x00007fffeaad0000 - 0x00007fffead6a000 	C:\Windows\WinSxS\amd64_microsoft.windows.common-controls_6595b64144ccf1df_6.0.19041.4355_none_60b8b9eb71f62e16\COMCTL32.dll
0x00007ffffad70000 - 0x00007ffffae0d000 	C:\Windows\System32\msvcp_win.dll
0x00007ffffb770000 - 0x00007ffffb80e000 	C:\Windows\System32\msvcrt.dll
0x00007fffd38c0000 - 0x00007fffd38db000 	C:\Program Files\JetBrains\IntelliJ IDEA 2023.2.3\jbr\bin\VCRUNTIME140.dll
0x00007ffffcfe0000 - 0x00007ffffd00f000 	C:\Windows\System32\IMM32.DLL
0x00007fffe9270000 - 0x00007fffe927c000 	C:\Program Files\JetBrains\IntelliJ IDEA 2023.2.3\jbr\bin\vcruntime140_1.dll
0x00007fffcb2f0000 - 0x00007fffcb37d000 	C:\Program Files\JetBrains\IntelliJ IDEA 2023.2.3\jbr\bin\msvcp140.dll
0x00007fff738c0000 - 0x00007fff74543000 	C:\Program Files\JetBrains\IntelliJ IDEA 2023.2.3\jbr\bin\server\jvm.dll
0x00007ffffced0000 - 0x00007ffffcf80000 	C:\Windows\System32\ADVAPI32.dll
0x00007ffffc360000 - 0x00007ffffc400000 	C:\Windows\System32\sechost.dll
0x00007ffffbfc0000 - 0x00007ffffc0e3000 	C:\Windows\System32\RPCRT4.dll
0x00007ffffac90000 - 0x00007ffffacb7000 	C:\Windows\System32\bcrypt.dll
0x00007ffffa5e0000 - 0x00007ffffa62b000 	C:\Windows\SYSTEM32\POWRPROF.dll
0x00007fffeef20000 - 0x00007fffeef47000 	C:\Windows\SYSTEM32\WINMM.dll
0x00007ffff5f30000 - 0x00007ffff5f39000 	C:\Windows\SYSTEM32\WSOCK32.dll
0x00007fffeef50000 - 0x00007fffeef5a000 	C:\Windows\SYSTEM32\VERSION.dll
0x00007ffffc210000 - 0x00007ffffc27b000 	C:\Windows\System32\WS2_32.dll
0x00007ffffa510000 - 0x00007ffffa522000 	C:\Windows\SYSTEM32\UMPDC.dll
0x00007ffff8fa0000 - 0x00007ffff8fb2000 	C:\Windows\SYSTEM32\kernel.appcore.dll
0x00007ffff49c0000 - 0x00007ffff49ca000 	C:\Program Files\JetBrains\IntelliJ IDEA 2023.2.3\jbr\bin\jimage.dll
0x00007ffff8480000 - 0x00007ffff8664000 	C:\Windows\SYSTEM32\DBGHELP.DLL
0x00007fffdf190000 - 0x00007fffdf1c4000 	C:\Windows\SYSTEM32\dbgcore.DLL
0x00007ffffac00000 - 0x00007ffffac82000 	C:\Windows\System32\bcryptPrimitives.dll
0x00007fffe96f0000 - 0x00007fffe9715000 	C:\Program Files\JetBrains\IntelliJ IDEA 2023.2.3\jbr\bin\java.dll

dbghelp: loaded successfully - version: 4.0.5 - missing functions: none
symbol engine: initialized successfully - sym options: 0x614 - pdb path: .;C:\Program Files\JetBrains\IntelliJ IDEA 2023.2.3\jbr\bin;C:\Windows\SYSTEM32;C:\Windows\WinSxS\amd64_microsoft.windows.common-controls_6595b64144ccf1df_6.0.19041.4355_none_60b8b9eb71f62e16;C:\Program Files\JetBrains\IntelliJ IDEA 2023.2.3\jbr\bin\server

VM Arguments:
jvm_args: -Djava.rmi.server.hostname=127.0.0.1 -Duser.timezone=UTC -Xmx2048m -Xms128m -Djna.boot.library.path=C:\Program Files\JetBrains\IntelliJ IDEA 2023.2.3/lib/jna/amd64 -Djna.nosys=true -Djna.noclasspath=true -Djdbc.classpath=C:\Program Files\JetBrains\IntelliJ IDEA 2023.2.3\plugins\DatabaseTools\lib\jdbc-console.jar;C:\Users\hongtaiksu\AppData\Roaming\JetBrains\IntelliJIdea2023.2\jdbc-drivers\MySQL ConnectorJ\8.0.25\mysql-connector-java-8.0.25.jar --add-exports=java.desktop/sun.awt=ALL-UNNAMED --add-exports=java.desktop/java.awt.peer=ALL-UNNAMED --add-opens=java.desktop/java.awt=ALL-UNNAMED --add-opens=jdk.unsupported/sun.misc=ALL-UNNAMED --add-opens=java.base/java.nio=ALL-UNNAMED --add-opens=java.base/java.util=ALL-UNNAMED -Dfile.encoding=UTF-8 
java_command: com.intellij.database.remote.RemoteJdbcServer com.mysql.cj.jdbc.Driver
java_class_path (initial): C:\Program Files\JetBrains\IntelliJ IDEA 2023.2.3\lib\util_rt.jar;C:\Program Files\JetBrains\IntelliJ IDEA 2023.2.3\lib\util-8.jar;C:\Program Files\JetBrains\IntelliJ IDEA 2023.2.3\lib\groovy.jar;C:\Program Files\JetBrains\IntelliJ IDEA 2023.2.3\plugins\DatabaseTools\lib\jdbc-console.jar;C:\Program Files\JetBrains\IntelliJ IDEA 2023.2.3\plugins\grid-core-impl\lib\jdbc-console-types.jar;C:\Program Files\JetBrains\IntelliJ IDEA 2023.2.3\lib\util.jar;C:\Program Files\JetBrains\IntelliJ IDEA 2023.2.3\lib\bouncy-castle.jar
Launcher Type: SUN_STANDARD

[Global flags]
     intx CICompilerCount                          = 4                                         {product} {ergonomic}
     uint ConcGCThreads                            = 3                                         {product} {ergonomic}
     uint G1ConcRefinementThreads                  = 10                                        {product} {ergonomic}
   size_t G1HeapRegionSize                         = 1048576                                   {product} {ergonomic}
    uintx GCDrainStackTargetSize                   = 64                                        {product} {ergonomic}
   size_t InitialHeapSize                          = 134217728                                 {product} {command line}
   size_t MarkStackSize                            = 4194304                                   {product} {ergonomic}
   size_t MaxHeapSize                              = 2147483648                                {product} {command line}
   size_t MinHeapDeltaBytes                        = 1048576                                   {product} {ergonomic}
   size_t MinHeapSize                              = 134217728                                 {product} {command line}
    uintx NonNMethodCodeHeapSize                   = 5839372                                {pd product} {ergonomic}
    uintx NonProfiledCodeHeapSize                  = 122909434                              {pd product} {ergonomic}
    uintx ProfiledCodeHeapSize                     = 122909434                              {pd product} {ergonomic}
    uintx ReservedCodeCacheSize                    = 251658240                              {pd product} {ergonomic}
     bool SegmentedCodeCache                       = true                                      {product} {ergonomic}
   size_t SoftMaxHeapSize                          = 2147483648                             {manageable} {ergonomic}
     bool UseCompressedClassPointers               = true                           {product lp64_product} {ergonomic}
     bool UseCompressedOops                        = true                           {product lp64_product} {ergonomic}
     bool UseG1GC                                  = true                                      {product} {ergonomic}
     bool UseLargePagesIndividualAllocation        = false                                  {pd product} {ergonomic}

Logging:
Log output configuration:
 #0: stdout all=warning uptime,level,tags
 #1: stderr all=off uptime,level,tags

Environment Variables:
PATH=C:\Program Files (x86)\VMware\VMware Player\bin\;C:\Windows\system32;C:\Windows;C:\Windows\System32\Wbem;C:\Windows\System32\WindowsPowerShell\v1.0\;C:\Windows\System32\OpenSSH\;C:\Program Files\PuTTY\;C:\ProgramData\chocolatey\bin;C:\Program Files\Git\cmd;C:\Program Files\dotnet\;C:\Program Files\nodejs\;C:\Program Files\Git LFS;C:\Users\hongtaiksu\AppData\Local\Programs\Python\Python312\Scripts\;C:\Users\hongtaiksu\AppData\Local\Programs\Python\Python312\;C:\Users\hongtaiksu\AppData\Local\Microsoft\WindowsApps;C:\Users\hongtaiksu\AppData\Local\Programs\Microsoft VS Code\bin;C:\flutter\bin;C:\tools\dart-sdk\bin;C:\Users\hongtaiksu\AppData\Local\Pub\Cache\bin;C:\flutter;C:\Users\hongtaiksu\AppData\Roaming\npm;C:\Users\hongtaiksu\AppData\Local\Android\Sdk\tools;C:\Users\hongtaiksu\AppData\Local\Android\Sdk\platform-tools;C:\Users\hongtaiksu\AppData\Local\Android\Sdk\emulator;
USERNAME=hongtaiksu
OS=Windows_NT
PROCESSOR_IDENTIFIER=AMD64 Family 25 Model 80 Stepping 0, AuthenticAMD
TMP=C:\Users\HONGTA~1\AppData\Local\Temp
TEMP=C:\Users\HONGTA~1\AppData\Local\Temp


JNI global refs:
JNI global refs: 0, weak refs: 0

JNI global refs memory usage: 0, weak refs: 0

OOME stack traces (most recent first):
Classloader memory used:


---------------  S Y S T E M  ---------------

OS:
 Windows 10 , 64 bit Build 19041 (10.0.19041.3636)
OS uptime: 5 days 1:00 hours

CPU: total 12 (initial active 12) (12 cores per cpu, 2 threads per core) family 25 model 80 stepping 0 microcode 0x0, cx8, cmov, fxsr, ht, mmx, 3dnowpref, sse, sse2, sse3, ssse3, sse4a, sse4.1, sse4.2, popcnt, lzcnt, tsc, tscinvbit, avx, avx2, aes, erms, clmul, bmi1, bmi2, adx, sha, fma, vzeroupper, clflush, clflushopt
Processor Information for all 12 processors :
  Max Mhz: 2301, Current Mhz: 2301, Mhz Limit: 2301

Memory: 4k page, system-wide physical 18277M (4609M free)
TotalPageFile size 30565M (AvailPageFile size 27M)
current process WorkingSet (physical memory assigned to process): 11M, peak: 11M
current process commit charge ("private bytes"): 64M, peak: 192M

vm_info: OpenJDK 64-Bit Server VM (17.0.8.1+7-b1000.32) for windows-amd64 JRE (17.0.8.1+7-b1000.32), built on 2023-09-15 by "builduser" with MS VC++ 16.10 / 16.11 (VS2019)

END.
